Determining if the Q_WS_WIN exist failed with the following output:
Change Dir: /home/bedahr/Daten/simon/svn/trunk/julius/libsent/build/CMakeFiles/CMakeTmp

Run Build Command:/usr/bin/gmake "cmTryCompileExec/fast"
/usr/bin/gmake -f CMakeFiles/cmTryCompileExec.dir/build.make CMakeFiles/cmTryCompileExec.dir/build
gmake[1]: Entering directory `/home/bedahr/Daten/simon/svn/trunk/julius/libsent/build/CMakeFiles/CMakeTmp'
/usr/bin/cmake -E cmake_progress_report /home/bedahr/Daten/simon/svn/trunk/julius/libsent/build/CMakeFiles/CMakeTmp/CMakeFiles 1
Building C object CMakeFiles/cmTryCompileExec.dir/CheckSymbolExists.c.o
/usr/lib64/ccache/bin/gcc   -I/usr/include/qt4   -o CMakeFiles/cmTryCompileExec.dir/CheckSymbolExists.c.o   -c /home/bedahr/Daten/simon/svn/trunk/julius/libsent/build/CMakeFiles/CMakeTmp/CheckSymbolExists.c
gmake[1]: Leaving directory `/home/bedahr/Daten/simon/svn/trunk/julius/libsent/build/CMakeFiles/CMakeTmp'
/home/bedahr/Daten/simon/svn/trunk/julius/libsent/build/CMakeFiles/CMakeTmp/CheckSymbolExists.c: In function ‘main’:
/home/bedahr/Daten/simon/svn/trunk/julius/libsent/build/CMakeFiles/CMakeTmp/CheckSymbolExists.c:8: error: ‘Q_WS_WIN’ undeclared (first use in this function)
/home/bedahr/Daten/simon/svn/trunk/julius/libsent/build/CMakeFiles/CMakeTmp/CheckSymbolExists.c:8: error: (Each undeclared identifier is reported only once
/home/bedahr/Daten/simon/svn/trunk/julius/libsent/build/CMakeFiles/CMakeTmp/CheckSymbolExists.c:8: error: for each function it appears in.)
gmake[1]: *** [CMakeFiles/cmTryCompileExec.dir/CheckSymbolExists.c.o] Error 1
gmake: *** [cmTryCompileExec/fast] Error 2

File /home/bedahr/Daten/simon/svn/trunk/julius/libsent/build/CMakeFiles/CMakeTmp/CheckSymbolExists.c:
/* */
#include <QtCore/qglobal.h>

void cmakeRequireSymbol(int dummy,...){(void)dummy;}
int main()
{
#ifndef Q_WS_WIN
  cmakeRequireSymbol(0,&Q_WS_WIN);
#endif
  return 0;
}

Determining if the Q_WS_QWS exist failed with the following output:
Change Dir: /home/bedahr/Daten/simon/svn/trunk/julius/libsent/build/CMakeFiles/CMakeTmp

Run Build Command:/usr/bin/gmake "cmTryCompileExec/fast"
/usr/bin/gmake -f CMakeFiles/cmTryCompileExec.dir/build.make CMakeFiles/cmTryCompileExec.dir/build
gmake[1]: Entering directory `/home/bedahr/Daten/simon/svn/trunk/julius/libsent/build/CMakeFiles/CMakeTmp'
/usr/bin/cmake -E cmake_progress_report /home/bedahr/Daten/simon/svn/trunk/julius/libsent/build/CMakeFiles/CMakeTmp/CMakeFiles 1
Building C object CMakeFiles/cmTryCompileExec.dir/CheckSymbolExists.c.o
/usr/lib64/ccache/bin/gcc   -I/usr/include/qt4   -o CMakeFiles/cmTryCompileExec.dir/CheckSymbolExists.c.o   -c /home/bedahr/Daten/simon/svn/trunk/julius/libsent/build/CMakeFiles/CMakeTmp/CheckSymbolExists.c
/home/bedahr/Daten/simon/svn/trunk/julius/libsent/build/CMakeFiles/CMakeTmp/CheckSymbolExists.c: In function ‘main’:
/home/bedahr/Daten/simon/svn/trunk/julius/libsent/build/CMakeFiles/CMakeTmp/CheckSymbolExists.c:8: error: ‘Q_WS_QWS’ undeclared (first use in this function)
/home/bedahr/Daten/simon/svn/trunk/julius/libsent/build/CMakeFiles/CMakeTmp/CheckSymbolExists.c:8: error: (Each undeclared identifier is reported only once
/home/bedahr/Daten/simon/svn/trunk/julius/libsent/build/CMakeFiles/CMakeTmp/CheckSymbolExists.c:8: error: for each function it appears in.)
gmake[1]: *** [CMakeFiles/cmTryCompileExec.dir/CheckSymbolExists.c.o] Error 1
gmake[1]: Leaving directory `/home/bedahr/Daten/simon/svn/trunk/julius/libsent/build/CMakeFiles/CMakeTmp'
gmake: *** [cmTryCompileExec/fast] Error 2

File /home/bedahr/Daten/simon/svn/trunk/julius/libsent/build/CMakeFiles/CMakeTmp/CheckSymbolExists.c:
/* */
#include <QtCore/qglobal.h>

void cmakeRequireSymbol(int dummy,...){(void)dummy;}
int main()
{
#ifndef Q_WS_QWS
  cmakeRequireSymbol(0,&Q_WS_QWS);
#endif
  return 0;
}

Determining if the Q_WS_MAC exist failed with the following output:
Change Dir: /home/bedahr/Daten/simon/svn/trunk/julius/libsent/build/CMakeFiles/CMakeTmp

Run Build Command:/usr/bin/gmake "cmTryCompileExec/fast"
/usr/bin/gmake -f CMakeFiles/cmTryCompileExec.dir/build.make CMakeFiles/cmTryCompileExec.dir/build
gmake[1]: Entering directory `/home/bedahr/Daten/simon/svn/trunk/julius/libsent/build/CMakeFiles/CMakeTmp'
/usr/bin/cmake -E cmake_progress_report /home/bedahr/Daten/simon/svn/trunk/julius/libsent/build/CMakeFiles/CMakeTmp/CMakeFiles 1
Building C object CMakeFiles/cmTryCompileExec.dir/CheckSymbolExists.c.o
/usr/lib64/ccache/bin/gcc   -I/usr/include/qt4   -o CMakeFiles/cmTryCompileExec.dir/CheckSymbolExists.c.o   -c /home/bedahr/Daten/simon/svn/trunk/julius/libsent/build/CMakeFiles/CMakeTmp/CheckSymbolExists.c
/home/bedahr/Daten/simon/svn/trunk/julius/libsent/build/CMakeFiles/CMakeTmp/CheckSymbolExists.c: In function ‘main’:
/home/bedahr/Daten/simon/svn/trunk/julius/libsent/build/CMakeFiles/CMakeTmp/CheckSymbolExists.c:8: error: ‘Q_WS_MAC’ undeclared (first use in this function)
/home/bedahr/Daten/simon/svn/trunk/julius/libsent/build/CMakeFiles/CMakeTmp/CheckSymbolExists.c:8: error: (Each undeclared identifier is reported only once
/home/bedahr/Daten/simon/svn/trunk/julius/libsent/build/CMakeFiles/CMakeTmp/CheckSymbolExists.c:8: error: for each function it appears in.)
gmake[1]: Leaving directory `/home/bedahr/Daten/simon/svn/trunk/julius/libsent/build/CMakeFiles/CMakeTmp'
gmake[1]: *** [CMakeFiles/cmTryCompileExec.dir/CheckSymbolExists.c.o] Error 1
gmake: *** [cmTryCompileExec/fast] Error 2

File /home/bedahr/Daten/simon/svn/trunk/julius/libsent/build/CMakeFiles/CMakeTmp/CheckSymbolExists.c:
/* */
#include <QtCore/qglobal.h>

void cmakeRequireSymbol(int dummy,...){(void)dummy;}
int main()
{
#ifndef Q_WS_MAC
  cmakeRequireSymbol(0,&Q_WS_MAC);
#endif
  return 0;
}

Determining if the function pthread_create exists in the pthreads failed with the following output:
Change Dir: /home/bedahr/Daten/simon/svn/trunk/julius/libsent/build/CMakeFiles/CMakeTmp

Run Build Command:/usr/bin/gmake "cmTryCompileExec/fast"
/usr/bin/gmake -f CMakeFiles/cmTryCompileExec.dir/build.make CMakeFiles/cmTryCompileExec.dir/build
gmake[1]: Entering directory `/home/bedahr/Daten/simon/svn/trunk/julius/libsent/build/CMakeFiles/CMakeTmp'
/usr/bin/cmake -E cmake_progress_report /home/bedahr/Daten/simon/svn/trunk/julius/libsent/build/CMakeFiles/CMakeTmp/CMakeFiles 1
Building C object CMakeFiles/cmTryCompileExec.dir/CheckFunctionExists.c.o
/usr/lib64/ccache/bin/gcc   -DCHECK_FUNCTION_EXISTS=pthread_create   -o CMakeFiles/cmTryCompileExec.dir/CheckFunctionExists.c.o   -c /usr/share/cmake/Modules/CheckFunctionExists.c
Linking C executable cmTryCompileExec
/usr/bin/cmake -E cmake_link_script CMakeFiles/cmTryCompileExec.dir/link.txt --verbose=1
/usr/lib64/ccache/bin/gcc     -DCHECK_FUNCTION_EXISTS=pthread_create  -fPIC CMakeFiles/cmTryCompileExec.dir/CheckFunctionExists.c.o  -o cmTryCompileExec -rdynamic -lpthreads 
/usr/lib/gcc/x86_64-pc-linux-gnu/4.3.2/../../../../x86_64-pc-linux-gnu/bin/ld: cannot find -lpthreads
collect2: ld returned 1 exit status
gmake[1]: Leaving directory `/home/bedahr/Daten/simon/svn/trunk/julius/libsent/build/CMakeFiles/CMakeTmp'
gmake[1]: *** [cmTryCompileExec] Error 1
gmake: *** [cmTryCompileExec/fast] Error 2


